[0.503s] Invoking command in '/home/zhou/chapt3/topic_ws/src/demo_python_topic': PYTHONPATH=/home/zhou/chapt3/topic_ws/src/build/demo_python_topic/prefix_override:/usr/lib/python3/dist-packages/colcon_core/task/python/colcon_distutils_commands:/home/zhou/chapt3/topic_ws/src/install/demo_python_topic/lib/python3.10/site-packages:${PYTHONPATH} /usr/bin/python3 -W ignore:setup.py install is deprecated -W ignore:easy_install command is deprecated setup.py egg_info --egg-base ../build/demo_python_topic build --build-base /home/zhou/chapt3/topic_ws/src/build/demo_python_topic/build install --record /home/zhou/chapt3/topic_ws/src/build/demo_python_topic/install.log --single-version-externally-managed install_data
[0.691s] running egg_info
[0.691s] creating ../build/demo_python_topic/demo_python_topic.egg-info
[0.692s] writing ../build/demo_python_topic/demo_python_topic.egg-info/PKG-INFO
[0.692s] writing dependency_links to ../build/demo_python_topic/demo_python_topic.egg-info/dependency_links.txt
[0.692s] writing entry points to ../build/demo_python_topic/demo_python_topic.egg-info/entry_points.txt
[0.692s] writing requirements to ../build/demo_python_topic/demo_python_topic.egg-info/requires.txt
[0.692s] writing top-level names to ../build/demo_python_topic/demo_python_topic.egg-info/top_level.txt
[0.692s] writing manifest file '../build/demo_python_topic/demo_python_topic.egg-info/SOURCES.txt'
[0.693s] reading manifest file '../build/demo_python_topic/demo_python_topic.egg-info/SOURCES.txt'
[0.693s] adding license file 'LICENSE'
[0.694s] writing manifest file '../build/demo_python_topic/demo_python_topic.egg-info/SOURCES.txt'
[0.694s] running build
[0.694s] running build_py
[0.694s] creating /home/zhou/chapt3/topic_ws/src/build/demo_python_topic/build
[0.694s] creating /home/zhou/chapt3/topic_ws/src/build/demo_python_topic/build/lib
[0.695s] creating /home/zhou/chapt3/topic_ws/src/build/demo_python_topic/build/lib/demo_python_topic
[0.695s] copying demo_python_topic/novel_pub_node.py -> /home/zhou/chapt3/topic_ws/src/build/demo_python_topic/build/lib/demo_python_topic
[0.695s] copying demo_python_topic/__init__.py -> /home/zhou/chapt3/topic_ws/src/build/demo_python_topic/build/lib/demo_python_topic
[0.695s] running install
[0.695s] running install_lib
[0.695s] creating /home/zhou/chapt3/topic_ws/src/install/demo_python_topic/lib/python3.10/site-packages/demo_python_topic
[0.695s] copying /home/zhou/chapt3/topic_ws/src/build/demo_python_topic/build/lib/demo_python_topic/novel_pub_node.py -> /home/zhou/chapt3/topic_ws/src/install/demo_python_topic/lib/python3.10/site-packages/demo_python_topic
[0.696s] copying /home/zhou/chapt3/topic_ws/src/build/demo_python_topic/build/lib/demo_python_topic/__init__.py -> /home/zhou/chapt3/topic_ws/src/install/demo_python_topic/lib/python3.10/site-packages/demo_python_topic
[0.696s] byte-compiling /home/zhou/chapt3/topic_ws/src/install/demo_python_topic/lib/python3.10/site-packages/demo_python_topic/novel_pub_node.py to novel_pub_node.cpython-310.pyc
[0.696s] byte-compiling /home/zhou/chapt3/topic_ws/src/install/demo_python_topic/lib/python3.10/site-packages/demo_python_topic/__init__.py to __init__.cpython-310.pyc
[0.696s] running install_data
[0.696s] creating /home/zhou/chapt3/topic_ws/src/install/demo_python_topic/share
[0.697s] creating /home/zhou/chapt3/topic_ws/src/install/demo_python_topic/share/ament_index
[0.697s] creating /home/zhou/chapt3/topic_ws/src/install/demo_python_topic/share/ament_index/resource_index
[0.697s] creating /home/zhou/chapt3/topic_ws/src/install/demo_python_topic/share/ament_index/resource_index/packages
[0.697s] copying resource/demo_python_topic -> /home/zhou/chapt3/topic_ws/src/install/demo_python_topic/share/ament_index/resource_index/packages
[0.697s] creating /home/zhou/chapt3/topic_ws/src/install/demo_python_topic/share/demo_python_topic
[0.697s] copying package.xml -> /home/zhou/chapt3/topic_ws/src/install/demo_python_topic/share/demo_python_topic
[0.697s] running install_egg_info
[0.698s] Copying ../build/demo_python_topic/demo_python_topic.egg-info to /home/zhou/chapt3/topic_ws/src/install/demo_python_topic/lib/python3.10/site-packages/demo_python_topic-0.0.0-py3.10.egg-info
[0.699s] running install_scripts
[0.715s] Installing novel_pub_node script to /home/zhou/chapt3/topic_ws/src/install/demo_python_topic/lib/demo_python_topic
[0.716s] writing list of installed files to '/home/zhou/chapt3/topic_ws/src/build/demo_python_topic/install.log'
[0.743s] Invoked command in '/home/zhou/chapt3/topic_ws/src/demo_python_topic' returned '0': PYTHONPATH=/home/zhou/chapt3/topic_ws/src/build/demo_python_topic/prefix_override:/usr/lib/python3/dist-packages/colcon_core/task/python/colcon_distutils_commands:/home/zhou/chapt3/topic_ws/src/install/demo_python_topic/lib/python3.10/site-packages:${PYTHONPATH} /usr/bin/python3 -W ignore:setup.py install is deprecated -W ignore:easy_install command is deprecated setup.py egg_info --egg-base ../build/demo_python_topic build --build-base /home/zhou/chapt3/topic_ws/src/build/demo_python_topic/build install --record /home/zhou/chapt3/topic_ws/src/build/demo_python_topic/install.log --single-version-externally-managed install_data
